This is pdfTeX, Version 3.141592653-2.6-1.40.24 (TeX Live 2022/Debian) (preloaded format=pdflatex 2025.1.12)  21 DEC 2025 19:09
entering extended mode
 restricted \write18 enabled.
 file:line:error style messages enabled.
 %&-line parsing enabled.
**"/home/cartheur/ame/aiventure/aiventure-github/pub-n-dub/method-of-artificial-systems/source/latex/The method of artificial systems.tex"
(/home/cartheur/ame/aiventure/aiventure-github/pub-n-dub/method-of-artificial-systems/source/latex/The method of artificial systems.tex
LaTeX2e <2022-11-01> patch level 1
L3 programming layer <2023-01-16> (/usr/share/texlive/texmf-dist/tex/latex/base/article.cls
Document Class: article 2022/07/02 v1.4n Standard LaTeX document class
(/usr/share/texlive/texmf-dist/tex/latex/base/size10.clo
File: size10.clo 2022/07/02 v1.4n Standard LaTeX file (size option)
)
\c@part=\count185
\c@section=\count186
\c@subsection=\count187
\c@subsubsection=\count188
\c@paragraph=\count189
\c@subparagraph=\count190
\c@figure=\count191
\c@table=\count192
\abovecaptionskip=\skip48
\belowcaptionskip=\skip49
\bibindent=\dimen140
) (/usr/share/texlive/texmf-dist/tex/latex/base/fontenc.sty
Package: fontenc 2021/04/29 v2.0v Standard LaTeX package
) (/usr/share/texlive/texmf-dist/tex/latex/base/inputenc.sty
Package: inputenc 2021/02/14 v1.3d Input encoding file
\inpenc@prehook=\toks16
\inpenc@posthook=\toks17
 (/usr/share/texlive/texmf-dist/tex/latex/base/latin9.def
File: latin9.def 2021/02/14 v1.3d Input encoding file
)) (/usr/share/texlive/texmf-dist/tex/latex/float/float.sty
Package: float 2001/11/08 v1.3d Float enhancements (AL)
\c@float@type=\count193
\float@exts=\toks18
\float@box=\box51
\@float@everytoks=\toks19
\@floatcapt=\box52
) (/usr/share/texlive/texmf-dist/tex/latex/base/textcomp.sty
Package: textcomp 2020/02/02 v2.0n Standard LaTeX package
) (/usr/share/texlive/texmf-dist/tex/latex/amsmath/amstext.sty
Package: amstext 2021/08/26 v2.01 AMS text
 (/usr/share/texlive/texmf-dist/tex/latex/amsmath/amsgen.sty
File: amsgen.sty 1999/11/30 v2.0 generic functions
\@emptytoks=\toks20
\ex@=\dimen141
)) (/usr/share/texlive/texmf-dist/tex/latex/graphics/graphicx.sty
Package: graphicx 2021/09/16 v1.2d Enhanced LaTeX Graphics (DPC,SPQR)
 (/usr/share/texlive/texmf-dist/tex/latex/graphics/keyval.sty
Package: keyval 2022/05/29 v1.15 key=value parser (DPC)
\KV@toks@=\toks21
) (/usr/share/texlive/texmf-dist/tex/latex/graphics/graphics.sty
Package: graphics 2022/03/10 v1.4e Standard LaTeX Graphics (DPC,SPQR)
 (/usr/share/texlive/texmf-dist/tex/latex/graphics/trig.sty
Package: trig 2021/08/11 v1.11 sin cos tan (DPC)
) (/usr/share/texlive/texmf-dist/tex/latex/graphics-cfg/graphics.cfg
File: graphics.cfg 2016/06/04 v1.11 sample graphics configuration
)
Package graphics Info: Driver file: pdftex.def on input line 107.
 (/usr/share/texlive/texmf-dist/tex/latex/graphics-def/pdftex.def
File: pdftex.def 2022/09/22 v1.2b Graphics/color driver for pdftex
))
\Gin@req@height=\dimen142
\Gin@req@width=\dimen143
) (/usr/share/texlive/texmf-dist/tex/generic/babel/babel.sty
Package: babel 2022/12/26 3.84 The Babel package
\babel@savecnt=\count194
\U@D=\dimen144
\l@unhyphenated=\language87
 (/usr/share/texlive/texmf-dist/tex/generic/babel/txtbabel.def)
\bbl@readstream=\read2
\bbl@dirlevel=\count195
 (/usr/share/texlive/texmf-dist/tex/generic/babel-english/english.ldf
Language: english 2017/06/06 v3.3r English support from the babel system
Package babel Info: Hyphen rules for 'canadian' set to \l@english
(babel)             (\language0). Reported on input line 102.
Package babel Info: Hyphen rules for 'australian' set to \l@ukenglish
(babel)             (\language66). Reported on input line 105.
Package babel Info: Hyphen rules for 'newzealand' set to \l@ukenglish
(babel)             (\language66). Reported on input line 108.
)) (/usr/share/texlive/texmf-dist/tex/generic/babel/locale/en/babel-english.tex
Package babel Info: Importing font and identification data for english
(babel)             from babel-en.ini. Reported on input line 11.
) (/usr/share/texlive/texmf-dist/tex/latex/l3backend/l3backend-pdftex.def
File: l3backend-pdftex.def 2023-01-16 L3 backend support: PDF output (pdfTeX)
\l__color_backend_stack_int=\count196
\l__pdf_internal_box=\box53
) (./The method of artificial systems.aux)
\openout1 = `"The method of artificial systems.aux"'.

LaTeX Font Info:    Checking defaults for OML/cmm/m/it on input line 20.
LaTeX Font Info:    ... okay on input line 20.
LaTeX Font Info:    Checking defaults for OMS/cmsy/m/n on input line 20.
LaTeX Font Info:    ... okay on input line 20.
LaTeX Font Info:    Checking defaults for OT1/cmr/m/n on input line 20.
LaTeX Font Info:    ... okay on input line 20.
LaTeX Font Info:    Checking defaults for T1/cmr/m/n on input line 20.
LaTeX Font Info:    ... okay on input line 20.
LaTeX Font Info:    Checking defaults for TS1/cmr/m/n on input line 20.
LaTeX Font Info:    ... okay on input line 20.
LaTeX Font Info:    Checking defaults for OMX/cmex/m/n on input line 20.
LaTeX Font Info:    ... okay on input line 20.
LaTeX Font Info:    Checking defaults for U/cmr/m/n on input line 20.
LaTeX Font Info:    ... okay on input line 20.
 (/usr/share/texlive/texmf-dist/tex/context/base/mkii/supp-pdf.mkii
[Loading MPS to PDF converter (version 2006.09.02).]
\scratchcounter=\count197
\scratchdimen=\dimen145
\scratchbox=\box54
\nofMPsegments=\count198
\nofMParguments=\count199
\everyMPshowfont=\toks22
\MPscratchCnt=\count266
\MPscratchDim=\dimen146
\MPnumerator=\count267
\makeMPintoPDFobject=\count268
\everyMPtoPDFconversion=\toks23
) (/usr/share/texlive/texmf-dist/tex/latex/epstopdf-pkg/epstopdf-base.sty
Package: epstopdf-base 2020-01-24 v2.11 Base part for package epstopdf
Package epstopdf-base Info: Redefining graphics rule for `.eps' on input line 485.
 (/usr/share/texlive/texmf-dist/tex/latex/latexconfig/epstopdf-sys.cfg
File: epstopdf-sys.cfg 2010/07/13 v1.3 Configuration of (r)epstopdf for TeX Live
))
LaTeX Font Info:    External font `cmex10' loaded for size
(Font)              <12> on input line 22.
LaTeX Font Info:    External font `cmex10' loaded for size
(Font)              <8> on input line 22.
LaTeX Font Info:    External font `cmex10' loaded for size
(Font)              <6> on input line 22.


LaTeX Warning: No \author given.

(./The method of artificial systems.toc
LaTeX Font Info:    External font `cmex10' loaded for size
(Font)              <9> on input line 3.
LaTeX Font Info:    External font `cmex10' loaded for size
(Font)              <5> on input line 3.
 [1


Non-PDF special ignored!
<special> papersize=597.50787pt,845.04684pt
{/var/lib/texmf/fonts/map/pdftex/updmap/pdftex.map}]
Overfull \hbox (8.32646pt too wide) in paragraph at lines 55--55
 [][] []\T1/cmr/m/n/9 Experimentation To-ward Un-der-stand-ing of the Choice 
 []

)
\tf@toc=\write3
\openout3 = `"The method of artificial systems.toc"'.

 (./The method of artificial systems.lof
LaTeX Font Info:    External font `cmex10' loaded for size
(Font)              <7> on input line 2.
 [2])
\tf@lof=\write4
\openout4 = `"The method of artificial systems.lof"'.

 [3] [4] [5]
Overfull \hbox (4.05978pt too wide) in paragraph at lines 214--216
[]\T1/cmr/m/n/10 Are there bi-o-log-i-cal ana-logues that can be mod-eled and used to the project's
 []

[6] [7]
Overfull \hbox (5.8988pt too wide) in paragraph at lines 349--354
[]\T1/cmr/m/n/10 From Del-bruck's gen-eral pic-ture of the hered-i-tary sub-stance it emerges
 []

[8] [9]
Overfull \hbox (2.37189pt too wide) in paragraph at lines 436--443
\T1/cmr/m/n/10 de-scrip-tion from con-struc-tion, sim-u-la-tion from re-al-iza-tion, mind from
 []

[10] [11]
Overfull \hbox (0.58066pt too wide) in paragraph at lines 569--572
[]\T1/cmr/m/n/10 ...Grey Wal-ter's prin-ci-pled in-ter-est in build-ing phys-i-cal work-ing mod-
 []

[12] [13] [14] [15] [16]
<figures/cognitionHierarchy.jpg, id=62, 338.26375pt x 531.9875pt>
File: figures/cognitionHierarchy.jpg Graphic file (type jpg)
<use figures/cognitionHierarchy.jpg>
Package pdftex.def Info: figures/cognitionHierarchy.jpg  used on input line 861.
(pdftex.def)             Requested size: 169.13145pt x 265.9931pt.
 [17] [18 <./figures/cognitionHierarchy.jpg>] [19] [20] [21]
<figures/QDTransGen.jpg, id=83, 426.59375pt x 213.79875pt>
File: figures/QDTransGen.jpg Graphic file (type jpg)
<use figures/QDTransGen.jpg>
Package pdftex.def Info: figures/QDTransGen.jpg  used on input line 1103.
(pdftex.def)             Requested size: 319.94452pt x 160.34866pt.
 [22 <./figures/QDTransGen.jpg>] [23]
Overfull \hbox (3.2489pt too wide) in paragraph at lines 1188--1188
[]\T1/cmr/bx/n/14.4 Testing Choice: The Robot and Fea-tured Power 
 []

<figures/featuredPower.jpg, id=90, 626.34pt x 299.1175pt>
File: figures/featuredPower.jpg Graphic file (type jpg)
<use figures/featuredPower.jpg>
Package pdftex.def Info: figures/featuredPower.jpg  used on input line 1214.
(pdftex.def)             Requested size: 313.16922pt x 149.55838pt.
[24] [25 <./figures/featuredPower.jpg>] [26]
<figures/entropicCircuit.png, id=104, 831.105pt x 602.7318pt>
File: figures/entropicCircuit.png Graphic file (type png)
<use figures/entropicCircuit.png>
Package pdftex.def Info: figures/entropicCircuit.png  used on input line 1366.
(pdftex.def)             Requested size: 415.55148pt x 301.36516pt.

Overfull \hbox (70.55148pt too wide) in paragraph at lines 1366--1367
[][] 
 []

[27] [28 <./figures/entropicCircuit.png (PNG copy)>]
<figures/MIT-Witricity.jpg, id=111, 632.3625pt x 500.87125pt>
File: figures/MIT-Witricity.jpg Graphic file (type jpg)
<use figures/MIT-Witricity.jpg>
Package pdftex.def Info: figures/MIT-Witricity.jpg  used on input line 1439.
(pdftex.def)             Requested size: 316.18048pt x 250.435pt.
 [29]
<figures/model-f.jpg, id=115, 720.6925pt x 420.57124pt>
File: figures/model-f.jpg Graphic file (type jpg)
<use figures/model-f.jpg>
Package pdftex.def Info: figures/model-f.jpg  used on input line 1456.
(pdftex.def)             Requested size: 360.34537pt x 210.28511pt.

Overfull \hbox (15.34537pt too wide) in paragraph at lines 1456--1457
[][] 
 []

[30 <./figures/MIT-Witricity.jpg>]
<figures/cybieInstalled.jpg, id=119, 710.655pt x 287.0725pt>
File: figures/cybieInstalled.jpg Graphic file (type jpg)
<use figures/cybieInstalled.jpg>
Package pdftex.def Info: figures/cybieInstalled.jpg  used on input line 1466.
(pdftex.def)             Requested size: 355.32663pt x 143.53589pt.

Overfull \hbox (10.32663pt too wide) in paragraph at lines 1466--1467
[][] 
 []

[31 <./figures/model-f.jpg> <./figures/cybieInstalled.jpg>]
<figures/area_transmitter/f2_files/1-7.jpg, id=124, 553.06625pt x 415.5525pt>
File: figures/area_transmitter/f2_files/1-7.jpg Graphic file (type jpg)
<use figures/area_transmitter/f2_files/1-7.jpg>
Package pdftex.def Info: figures/area_transmitter/f2_files/1-7.jpg  used on input line 1501.
(pdftex.def)             Requested size: 276.53244pt x 207.77574pt.
<figures/area_transmitter/f2_files/1-8.jpg, id=125, 635.37375pt x 200.75pt>
File: figures/area_transmitter/f2_files/1-8.jpg Graphic file (type jpg)
<use figures/area_transmitter/f2_files/1-8.jpg>
Package pdftex.def Info: figures/area_transmitter/f2_files/1-8.jpg  used on input line 1511.
(pdftex.def)             Requested size: 317.6861pt x 100.37474pt.
<figures/area_transmitter/f2_files/1-9.jpg, id=126, 529.98pt x 439.6425pt>
File: figures/area_transmitter/f2_files/1-9.jpg Graphic file (type jpg)
<use figures/area_transmitter/f2_files/1-9.jpg>
Package pdftex.def Info: figures/area_transmitter/f2_files/1-9.jpg  used on input line 1521.
(pdftex.def)             Requested size: 264.98933pt x 219.82071pt.
 [32 <./figures/area_transmitter/f2_files/1-7.jpg> <./figures/area_transmitter/f2_files/1-8.jpg>] [33 <./figures/area_transmitter/f2_files/1-9.jpg>]
<figures/area_transmitter/f2_files/1-14.jpg, id=134, 647.41875pt x 158.5925pt>
File: figures/area_transmitter/f2_files/1-14.jpg Graphic file (type jpg)
<use figures/area_transmitter/f2_files/1-14.jpg>
Package pdftex.def Info: figures/area_transmitter/f2_files/1-14.jpg  used on input line 1608.
(pdftex.def)             Requested size: 323.70857pt x 79.29604pt.
<figures/area_transmitter/f2_files/1-15.jpg, id=135, 389.455pt x 289.08pt>
File: figures/area_transmitter/f2_files/1-15.jpg Graphic file (type jpg)
<use figures/area_transmitter/f2_files/1-15.jpg>
Package pdftex.def Info: figures/area_transmitter/f2_files/1-15.jpg  used on input line 1622.
(pdftex.def)             Requested size: 194.72702pt x 144.53964pt.
 [34 <./figures/area_transmitter/f2_files/1-14.jpg>]
<figures/optimizedSpiral.jpg, id=141, 288.07625pt x 288.07625pt>
File: figures/optimizedSpiral.jpg Graphic file (type jpg)
<use figures/optimizedSpiral.jpg>
Package pdftex.def Info: figures/optimizedSpiral.jpg  used on input line 1654.
(pdftex.def)             Requested size: 144.03777pt x 144.03777pt.
 [35 <./figures/area_transmitter/f2_files/1-15.jpg> <./figures/optimizedSpiral.jpg>]
<figures/area_transmitter/f2_files/1-16.jpg, id=145, 366.36874pt x 228.855pt>
File: figures/area_transmitter/f2_files/1-16.jpg Graphic file (type jpg)
<use figures/area_transmitter/f2_files/1-16.jpg>
Package pdftex.def Info: figures/area_transmitter/f2_files/1-16.jpg  used on input line 1670.
(pdftex.def)             Requested size: 183.18391pt x 114.42722pt.
<figures/fsxRange.jpg, id=146, 666.49pt x 478.78876pt>
File: figures/fsxRange.jpg Graphic file (type jpg)
<use figures/fsxRange.jpg>
Package pdftex.def Info: figures/fsxRange.jpg  used on input line 1681.
(pdftex.def)             Requested size: 333.24419pt x 239.39378pt.
 [36 <./figures/area_transmitter/f2_files/1-16.jpg> <./figures/fsxRange.jpg>]
<figures/area_transmitter/modelf_files/ExpID.jpg, id=150, 565.11125pt x 310.15875pt>
File: figures/area_transmitter/modelf_files/ExpID.jpg Graphic file (type jpg)
<use figures/area_transmitter/modelf_files/ExpID.jpg>
Package pdftex.def Info: figures/area_transmitter/modelf_files/ExpID.jpg  used on input line 1736.
(pdftex.def)             Requested size: 282.55493pt x 155.079pt.
 [37] [38 <./figures/area_transmitter/modelf_files/ExpID.jpg>]
<figures/primitiveModelState.jpg, id=158, 313.17pt x 235.88126pt>
File: figures/primitiveModelState.jpg Graphic file (type jpg)
<use figures/primitiveModelState.jpg>
Package pdftex.def Info: figures/primitiveModelState.jpg  used on input line 1811.
(pdftex.def)             Requested size: 156.58461pt x 117.94034pt.
<figures/compositeModelState.jpg, id=159, 346.29375pt x 349.305pt>
File: figures/compositeModelState.jpg Graphic file (type jpg)
<use figures/compositeModelState.jpg>
Package pdftex.def Info: figures/compositeModelState.jpg  used on input line 1824.
(pdftex.def)             Requested size: 173.14644pt x 174.65207pt.
 [39 <./figures/primitiveModelState.jpg>]
<figures/modelEnvironment.jpg, id=163, 248.93pt x 181.67876pt>
File: figures/modelEnvironment.jpg Graphic file (type jpg)
<use figures/modelEnvironment.jpg>
Package pdftex.def Info: figures/modelEnvironment.jpg  used on input line 1838.
(pdftex.def)             Requested size: 124.46469pt x 90.83914pt.
 [40 <./figures/compositeModelState.jpg> <./figures/modelEnvironment.jpg>]
<figures/ControlWindow.jpg, id=167, 513.92pt x 385.44pt>
File: figures/ControlWindow.jpg Graphic file (type jpg)
<use figures/ControlWindow.jpg>
Package pdftex.def Info: figures/ControlWindow.jpg  used on input line 1894.
(pdftex.def)             Requested size: 256.95937pt x 192.71953pt.
 [41 <./figures/ControlWindow.jpg>] [42] [43]
<figures/TheHardwareExperiment.jpg, id=178, 324.21124pt x 274.02374pt>
File: figures/TheHardwareExperiment.jpg Graphic file (type jpg)
<use figures/TheHardwareExperiment.jpg>
Package pdftex.def Info: figures/TheHardwareExperiment.jpg  used on input line 2065.
(pdftex.def)             Requested size: 162.10522pt x 137.01154pt.
 [44] [45 <./figures/TheHardwareExperiment.jpg>] [46]
<figures/governingEquation.jpg, id=188, 625.33624pt x 465.74pt>
File: figures/governingEquation.jpg Graphic file (type jpg)
<use figures/governingEquation.jpg>
Package pdftex.def Info: figures/governingEquation.jpg  used on input line 2186.
(pdftex.def)             Requested size: 312.66736pt x 232.86943pt.
 [47 <./figures/governingEquation.jpg>] [48]
Overfull \hbox (0.19852pt too wide) in paragraph at lines 2273--2274
[]\T1/cmr/m/n/10 A touch sen-sor to ac-knowl-edge whether or not the ob-ject has been grabbed. 
 []


Overfull \hbox (3.67099pt too wide) in paragraph at lines 2286--2288
[]\T1/cmr/m/n/10 Extending com-mon-al-ity of unique ideas of re-search and com-mer-cial projects
 []

[49] [50] [51]
Overfull \hbox (0.25516pt too wide) in paragraph at lines 2418--2422
[]\T1/cmr/m/n/10 Creating or-der based on dis-or-der: Ma-nip-u-la-tion by the or-gan-ism to achieve
 []


Overfull \hbox (9.54456pt too wide) in paragraph at lines 2439--2441
[]\T1/cmr/m/n/10 Grow by in-creas-ing its com-pos-ite store of in-for-ma-tion, en-hanc-ing its decision-
 []

[52] [53] [54] [55]
<figures/tableOne.jpg, id=219, 1000.73875pt x 674.52pt>
File: figures/tableOne.jpg Graphic file (type jpg)
<use figures/tableOne.jpg>
Package pdftex.def Info: figures/tableOne.jpg  used on input line 2646.
(pdftex.def)             Requested size: 400.28842pt x 269.80322pt.

Overfull \hbox (55.28842pt too wide) in paragraph at lines 2646--2647
[][] 
 []

[56 <./figures/tableOne.jpg>] [57]
Underfull \hbox (badness 1184) in paragraph at lines 2765--2768
[]\T1/cmr/m/n/10 Von Neu-mann, John, Arthur W. Burks (ed). The The-ory of Self-
 []

[58] [59] (./The method of artificial systems.aux) ) 
Here is how much of TeX's memory you used:
 3103 strings out of 476091
 57250 string characters out of 5794081
 1867330 words of memory out of 5000000
 23432 multiletter control sequences out of 15000+600000
 526951 words of font info for 59 fonts, out of 8000000 for 9000
 1141 hyphenation exceptions out of 8191
 57i,8n,62p,336b,331s stack positions out of 10000i,1000n,20000p,200000b,200000s
{/usr/share/texmf/fonts/enc/dvips/cm-super/cm-super-t1.enc}{/usr/share/texmf/fonts/enc/dvips/cm-super/cm-super-ts1.enc}</usr/share/texlive/texmf-dist/fonts/type1/public/amsfonts/cm/cmex10.pfb></usr/share/texlive/texmf-dist/fonts/type1/public/amsfonts/cm/cmmi10.pfb></usr/share/texlive/texmf-dist/fonts/type1/public/amsfonts/cm/cmmi7.pfb></usr/share/texlive/texmf-dist/fonts/type1/public/amsfonts/cm/cmr10.pfb></usr/share/texlive/texmf-dist/fonts/type1/public/amsfonts/cm/cmr7.pfb></usr/share/texlive/texmf-dist/fonts/type1/public/amsfonts/cm/cmsy10.pfb></usr/share/texmf/fonts/type1/public/cm-super/sfbx0900.pfb></usr/share/texmf/fonts/type1/public/cm-super/sfbx1000.pfb></usr/share/texmf/fonts/type1/public/cm-super/sfbx1200.pfb></usr/share/texmf/fonts/type1/public/cm-super/sfbx1440.pfb></usr/share/texmf/fonts/type1/public/cm-super/sfrm0600.pfb></usr/share/texmf/fonts/type1/public/cm-super/sfrm0700.pfb></usr/share/texmf/fonts/type1/public/cm-super/sfrm0800.pfb></usr/share/texmf/fonts/type1/public/cm-super/sfrm0900.pfb></usr/share/texmf/fonts/type1/public/cm-super/sfrm1000.pfb></usr/share/texmf/fonts/type1/public/cm-super/sfrm1200.pfb></usr/share/texmf/fonts/type1/public/cm-super/sfrm1728.pfb></usr/share/texmf/fonts/type1/public/cm-super/sfti1000.pfb>
Output written on "The method of artificial systems.pdf" (59 pages, 2087550 bytes).
PDF statistics:
 313 PDF objects out of 1000 (max. 8388607)
 190 compressed objects within 2 object streams
 0 named destinations out of 1000 (max. 500000)
 116 words of extra memory for PDF output out of 10000 (max. 10000000)

